2021-08-21 19:59:36:5936 info: Node BACstack Device started
2021-08-21 19:59:36:5936 info: I am 1234
2021-08-21 20:45:03:453 info: pls create me
2021-08-21 20:45:03:453 info: Start device...
2021-08-21 20:45:03:453 info: Node BACstack Device started
2021-08-21 20:49:22:4922 info: pls create me
2021-08-21 20:49:22:4922 info: Start device...
2021-08-21 20:49:22:4922 info: Node BACstack Device started
2021-08-21 21:01:06:16 info: pls create me
2021-08-21 21:01:06:16 info: Start device...
2021-08-21 21:01:06:16 info: Node BACstack Device started
2021-08-21 21:01:14:114 info: pls create me
2021-08-21 21:01:14:114 info: Start device...
2021-08-21 21:01:14:114 error: Device starting failed: Error: Stack is already running!
2021-08-21 21:01:21:121 info: pls create me
2021-08-21 21:01:21:121 info: Start device...
2021-08-21 21:01:21:121 error: Device starting failed: Error: Stack is already running!
2021-08-21 21:01:25:125 info: pls delete me
2021-08-21 21:01:36:136 info: pls create me
2021-08-21 21:01:36:136 info: Start device...
2021-08-21 21:02:04:24 info: pls create me
2021-08-21 21:02:04:24 info: Start device...
2021-08-21 21:02:04:24 error: Device starting failed: Error: Stack is already running!
2021-08-21 21:02:10:210 info: pls delete me
2021-08-21 21:02:13:213 info: pls delete me
2021-08-21 21:02:14:214 info: pls create me
2021-08-21 21:02:14:214 info: Start device...
2021-08-21 21:02:14:214 error: Device starting failed: Error: Stack is already running!
2021-08-21 21:02:21:221 info: pls create me
2021-08-21 21:02:21:221 info: Start device...
2021-08-21 21:02:21:221 error: Device starting failed: Error: Stack is already running!
2021-08-21 21:03:35:335 info: pls create me
2021-08-21 21:03:35:335 info: Start device...
2021-08-21 21:03:35:335 info: Node BACstack Device started
2021-08-21 21:03:38:338 info: pls delete me
2021-08-21 21:03:38:338 info: Start device...
2021-08-21 21:04:13:413 info: pls delete me
2021-08-21 21:04:13:413 info: Start device...
2021-08-21 21:04:13:413 error: Device starting failed: Error: Stack was already stopped!
2021-08-21 21:04:27:427 info: pls create me
2021-08-21 21:04:27:427 info: Start device...
2021-08-21 21:05:05:55 info: pls create me
2021-08-21 21:05:05:55 info: Start device...
2021-08-21 21:05:05:55 info: Node BACstack Device started
2021-08-21 21:05:09:59 info: pls create me
2021-08-21 21:05:09:59 info: Start device...
2021-08-21 21:05:09:59 error: Device starting failed: Error: Stack is already running!
2021-08-21 21:05:24:524 info: pls create me
2021-08-21 21:05:24:524 info: Start device...
2021-08-21 21:05:24:524 error: Device starting failed: Error: Stack is already running!
2021-08-21 21:05:29:529 info: pls delete me
2021-08-21 21:05:29:529 info: Stop device...
2021-08-21 21:05:36:536 info: pls create me
2021-08-21 21:05:36:536 info: Start device...
2021-08-21 21:05:36:536 error: Device starting failed: Error: Stack is already running!
2021-08-21 21:08:27:827 info: pls create me
2021-08-21 21:08:27:827 info: Start device...
2021-08-21 21:08:27:827 info: Node BACstack Device started
2021-08-21 21:08:29:829 info: pls delete me
2021-08-21 21:08:29:829 info: Stop device...
2021-08-21 21:08:31:831 info: pls create me
2021-08-21 21:08:31:831 info: Start device...
2021-08-21 21:08:31:831 error: Device starting failed: Error: Stack is already running!
